[
  {"matchStrings": ["========  CLIENT ERRORS: copy and paste from wdkClientCategories file"
    ]
  },


  {"matchStrings": ["========= DO NOT EMAIL  IT IS US, QA"
    ]
  },
  {"matchStrings": ["https://localhost:3000"
    ]
  },
  {"matchStrings": ["https://q"
    ]
  },



  {"matchStrings": ["============= DO NO EMAIL, USER network?"
    ]
  },
  {"matchStrings": ["studies could not be parsed"
    ],
   "comment": "---clinepi, presenters prop: isPublic false, only show in qa, live site client gets project_availability null, qa gets AlClinEpiDB"
  },
  {"matchStrings": ["Could not load embedded JBrowse instance"
    ],
   "comment": "---Dec23-2020. Problem: trying to load JBrowse object before we have it. Action: add error handler to iframe."
  },
  {"matchStrings": ["Failed to fetch: [attempting"
   ],
   "comment": "---Dec23-2020. Action: retry, popup content update: network instability, try again."
  },
  {"matchStrings": ["Failed to fetch"
    ],
   "comment": "---Dec23-2020. Action: retry, popup content update: network instability, try again."
  },
  {"matchStrings": ["failed to fetch"
    ],
   "comment": "---twitter"
  },
  {"matchStrings": ["Loading chunk"
    ],
   "comment": "---Dec23-2020. Action: popup content update: network instability, try again."
  },
  {"matchStrings": ["Loading CSS chunk"
    ]
  },
  {"matchStrings": ["NetworkError when attempting to fetch resource"
    ],
   "comment": "---Dec23-2020. Dave: variant of Failed to fetch?"
  },
  {"matchStrings": ["The internet connection appears to be offline"
    ]
  },
  {"matchStrings": ["Unable to connect to the target server."
    ]
  },
  {"matchStrings": ["Could not connect to the server"
    ]
  },
  {"matchStrings": ["Bad Gateway"
    ],
   "comment": "---THIS seems to coincide with service errors not being able to find a connection with ORA-12516"
  },
  {"matchStrings": ["The network connection was lost"
    ]
  },
  {"matchStrings": ["Connection to Indexed Database server lost"
    ]
  },



  {"matchStrings": ["========= DO NOT EMAIL  USER BROWSER?"]
  },

  {"matchStrings": ["chrome-extension"
    ]
  },
  {"matchStrings": ["IndexSizeError"
    ],
   "comment": "---old edge on win 10 using legacy library"
  },
  {"matchStrings": ["can't redefine non-configurable property"
    ],
   "comment": "---Win7"
  },
  {"matchStrings": ["sandbox not initialized", "twitter"
    ],
   "comment": "---twitter"
  }, 
  {"matchStrings": ["Invariant failed"
    ],
   "comment": "---Dec23-2020. Dave: old IE"
  },
  {"matchStrings": ["Object doesn't support this action"
    ],
   "comment": "---Dec23-2020. Dave: old IE"
  },
  {"matchStrings": ["Failed to execute 'removeChild' "
    ]
  },
  {"matchStrings": ["Failed to execute 'insertBefore' "
    ],
   "comment": "---Dec23-2020. Dave: likely due to browser addon like Google Translate"
  },
  {"matchStrings": ["Failed to read","The request has not finished."
    ]
  },
  {"matchStrings": ["Document is not focused"
    ]
  },
  {"matchStrings": ["cancelled: [attempting"
    ]
  },
  {"matchStrings": ["message\": \"cancelled\""
    ]
  },
  {"matchStrings": ["Client Closed Request"
    ]
  },
  {"matchStrings": ["A request was aborted"
    ]
  },
  {"matchStrings": ["The operation was aborted"
    ]
  },
  {"matchStrings": ["Database deleted by request of the user"
    ]
  },
  {"matchStrings": ["Blocked a frame with origin"
    ],
   "comment": "---Dec23-2020. Dave: GoogleBot and Safari 11"
  },
  {"matchStrings": ["not allowed by Access-Control-Allow-Origin"
    ]
  },
  {"matchStrings": ["Permission denied to access property","on cross-origin object"
    ],
   "comment": "---seen on moz-extension"
  },
  {"matchStrings": ["The operation is insecure."
    ]
  },
  {"matchStrings": ["message\": \"SecurityError\""
    ]
  },
  {"matchStrings": ["message\": \"Forbidden\""
    ]
  },
  {"matchStrings": ["name\": \"AbortError"
    ]
  },
  {"matchStrings": ["name\": \"ChunkLoadError"
    ]
  },
  {"matchStrings": ["name\": \"NotAllowedError"
    ]
  },
  {"matchStrings": ["message\": \"out of memory"
    ],
   "comment": "--- old windows with FF"
  },
  {"matchStrings": ["name\": \"QuotaExceededError"
    ]
  },



  {"matchStrings": ["========= DO NOT EMAIL  APP in USER BROWSER?   Probably cannot do anything about these either"
    ]
  },
  {"matchStrings": ["Cannot redefine property: googletag"
    ],
   "comment": "---Dec 2021"
  },
  {"matchStrings": ["Transaction timed out due to inactivity."
    ],
   "comment": "---Dec 2021"
  },
  {"matchStrings": ["Cannot read properties of undefined"
    ],
   "comment": "---Dec 2021"
  },



  {"matchStrings": ["Cannot read property"
    ],
   "comment": "---Dec23-2020. Most are on property 'getBoundingClientRect' from qqbrowser; 'recordClassName' in gene pages; 'save', on //app"
  },
  {"matchStrings": ["setting getter-only property"
    ]
  },
  {"matchStrings": ["Attempted to assign to readonly property"
    ]
  },
  {"matchStrings": ["message\": \"ReferenceError: Can't find variable"
    ],
   "comment": ""
  },
  {"matchStrings": ["message\": \"Error looking up record in object store by key range"
    ]
  },
  {"matchStrings": ["message\": \"Object Not Found Matching Id"
    ],
   "comment": "---microsoft IP 40.94..."
  },
  {"matchStrings": ["message\": \"The object can not be found here."
    ]
  },
  {"matchStrings": ["message\": \"Object doesn't support property or method"
    ]
  },
  {"matchStrings": ["message\": \"\""
    ]
  },
  {"matchStrings": ["message\": \"null"
    ]
  },
  {"matchStrings": ["message\": \"undefined"
    ]
  },
  {"matchStrings": ["message\": \"[object Event]"
    ]
  },
  {"matchStrings": ["message\": \"error\""
    ]
  },
  {"matchStrings": ["message\": \"Error: {}\""
    ],
   "comment": "---Jan 29 2021, sam safari jbrowse"
  },


  {"matchStrings": ["is null\""
    ]
  },
  {"matchStrings": ["null is not an object (evaluating"
    ]
  },
  {"matchStrings": ["is undefined"
    ]
  },
  {"matchStrings": ["is not a function"
    ]
  },
  {"matchStrings": ["this is not a non-null object"
    ]
  },
  {"matchStrings": ["has already been declared"
    ]
  },
  {"matchStrings": ["<unknown status code>"
    ]
  },
  {"matchStrings": ["Unexpected token < in JSON at position 0"
    ],
   "comment": "---Win7   Dec23-2020. when failed to get staticcontent sections in home page."
  },
  {"matchStrings": ["Error: Message did timeout"
    ],
   "comment": "---sam (safari). sam didnâ€™t see an error message, slow for a few seconds and eventually worked"
  },
  {"matchStrings": ["The request timed out"
    ]
  },
  {"matchStrings": ["Clipboard write was blocked due to lack of user activation"
    ]
  },
  {"matchStrings": ["Unexpected token"
    ],
   "comment": "--- other than (filter above): JSON at position 0 (Win 7)"
  },
  {"matchStrings": ["JSON.parse: unexpected character at line 1 column 1 of the JSON data"
    ]
  },
  {"matchStrings": ["Unexpected end of JSON input"
    ],
   "comment": "--- this showed in UI (eve general april 1 2021) as a result of a 502 (conttainerized serviice (mblast) erroring"
  },
  {"matchStrings": ["invalid escape sequence"
    ]
  },
  {"matchStrings": ["The transaction was aborted, so the request cannot be fulfilled"
    ]
  },
  {"matchStrings": ["too much recursion"
    ]
  },
  {"matchStrings": ["server_fp is not defined"
    ]
  },
  {"matchStrings": ["NS_ERROR_FILE_CORRUPTED"
    ]
  },
  {"matchStrings": ["message\": \"Minified React error"
    ],
   "comment": "---on urls accessing apache documents"
  },



  {"matchStrings": ["========= DO NOT EMAIL   new ones in B51 with npm? often stacktrace shows ...generatorResume@[native....Promise@[native...."
    ]
  },
  {"matchStrings": ["message\": \"Script error."
    ]
  },
  {"matchStrings": ["message\": \"[object Object]"
    ]
  },
  {"matchStrings": ["message\": \"TypeError: undefined is not an object (evaluating "
    ],
   "comment": "---(evaluating 'p.manager'),(evaluating 'Zotero.Connector.reportActiveURL')"
  },
  {"matchStrings": ["message\": \"ResizeObserver loop limit exceeded"
    ]
  },



  {"matchStrings": ["========= BOTS"
    ]
  },
  {"matchStrings": ["Googlebot"
    ],
   "comment": "---cross origin, step does not exist due to new guest id"
  },
  {"matchStrings": ["User Agent:","Baidu"
    ]
  },
  {"matchStrings": ["User Agent:","bingbot"
    ]
  },
  {"matchStrings": ["Applebot"
    ]
  },
  {"matchStrings": ["applebot"
    ]
  },
  {"matchStrings": ["Jooblebot"
    ]
  },
  {"matchStrings": ["BingPreview"
    ]
  },



  {"matchStrings": ["========= DO NOT EMAIL  OUR APP      CHECK UX on USERS (error handling)"
    ]
  },
  {"matchStrings": ["Attempt to use","more than 100 times per 30 seconds"
    ],
   "comment": "---safari"
  },
  {"matchStrings": ["Cannot POST","The BLAST execution has timed out"
    ]
  },
  {"matchStrings": ["Cannot POST","cannot handle a BLAST result this large"
    ]
  },
  {"matchStrings": ["Cannot POST","must not be longer than 1000 characters"
    ],
   "comment": "---text search"
  },
  {"matchStrings": ["Cannot POST","must not be longer than 31000 characters"
    ],
   "comment": "---BLAST"
  },
  {"matchStrings": ["baskets","You must log in to use this"
    ]
  },



  {"matchStrings": ["========= SERVICE ERRORS"
    ]
  },


  {"matchStrings": ["======== MISMATCH RESULTS"
    ]
  },

  {"matchStrings": ["basket","WdkModelException: The integrated attribute query","doesn't return the same number of records as ID SQL for the current page"
    ]
  },




  {"matchStrings": ["========== BOTS"
    ]
  },
  {"matchStrings": ["Googlebot"
    ],
   "comment": "---mostly old dataset ids WdkModelException: Attribute query"
  },
  {"matchStrings": ["User Agent: Go-http-client"
    ]
  },
  {"matchStrings": ["QQBrowser"
    ],
   "comment": "---NPE, old system MSIE 7.0; Windows NT 5.1"
  },
  {"matchStrings": ["Seekport Crawler"
    ]
  },
  {"matchStrings": ["Web-Crawler"
    ]
  },




  {"matchStrings": ["======== USER ISSUE"
    ]
  },
  {"matchStrings": ["PluginModelException: Illegal character range near"
    ],
   "comment": ""
  },
  {"matchStrings": ["PluginModelException: Dangling meta character"
    ],
   "comment": "---ortho: user entering wrong regex in motif"
  },
  {"matchStrings": ["WdkModelException: Unable to produce a valid spec from incoming param values"
    ]
  },
  {"matchStrings": ["WdkModelException: The expression is invalid"
    ],
   "comment": "---philetic pattern in ortho, opened trello to convert to 404"
  },
  {"matchStrings": ["WdkModelException: Default values for question"
    ],
   "comment": "---eg: GenesByMotifSearch: Number of selected values (69) is not allowed"
  },
  {"matchStrings": ["PluginModelException: Illegal repetition near index"
    ],
   "comment": "---invalid reg ex provided by user?"
  },
  {"matchStrings": ["ValidObjectWrappingException:","This is almost certainly a bug in the calling code"
    ]
  },
  {"matchStrings": ["NumberFormatException: For input string"
    ]
  },
  {"matchStrings": ["IllegalArgumentException: Must request"
    ]
  },
  {"matchStrings": ["WdkModelException","Step field","cannot be longer"
    ],
   "comment": "---Step name 200 char we need to convert t a 400 error, opened trello"
  }

]
